===== poll 1 2026-06-18T11:36:38 =====
--- VIVADO


   Id        CPU StartTime

   --        --- ---------

25872 156.265625 6/18/2026 10:42:44 AM

27336 2789.96875 6/18/2026 10:44:20 AM





STATUS BIT=0 LTX=0
--- SYNTH_SUB




FullName      : C:\Users\yuyao\w\b6\tbv\tbv.runs\tb_batch_0_0_synth_1\runme.log

Length        : 79448

LastWriteTime : 6/18/2026 11:18:21 AM







WARNING: [Synth 8-7129] Port SCLR in module xbip_pipe_v3_0_7_viv__parameterized21 is either unconnected or has no load

WARNING: [Synth 8-7129] Port SSET in module xbip_pipe_v3_0_7_viv__parameterized21 is either unconnected or has no load

WARNING: [Synth 8-7129] Port SINIT in module xbip_pipe_v3_0_7_viv__parameterized21 is either unconnected or has no load

WARNING: [Synth 8-7129] Port CLK in module xbip_pipe_v3_0_7_viv__parameterized19 is either unconnected or has no load

WARNING: [Synth 8-7129] Port CE in module xbip_pipe_v3_0_7_viv__parameterized19 is either unconnected or has no load

WARNING: [Synth 8-7129] Port SCLR in module xbip_pipe_v3_0_7_viv__parameterized19 is either unconnected or has no load

WARNING: [Synth 8-7129] Port SSET in module xbip_pipe_v3_0_7_viv__parameterized19 is either unconnected or has no load

WARNING: [Synth 8-7129] Port SINIT in module xbip_pipe_v3_0_7_viv__parameterized19 is either unconnected or has no load

WARNING: [Synth 8-7129] Port CLK in module xbip_pipe_v3_0_7_viv__parameterized17 is either unconnected or has no load

INFO: [Common 17-14] Message 'Synth 8-7129' appears 100 times and further instances of the messages will be disabled. Use the Tcl command set_msg_config to change the current settings.

---------------------------------------------------------------------------------

Finished RTL Elaboration : Time (s): cpu = 00:06:22 ; elapsed = 00:06:58 . Memory (MB): peak = 15144.570 ; gain = 13373.332

---------------------------------------------------------------------------------

---------------------------------------------------------------------------------

Start Handling Custom Attributes

---------------------------------------------------------------------------------

---------------------------------------------------------------------------------

Finished Handling Custom Attributes : Time (s): cpu = 00:06:29 ; elapsed = 00:07:05 . Memory (MB): peak = 15144.570 ; gain = 13373.332

---------------------------------------------------------------------------------

---------------------------------------------------------------------------------

Finished RTL Optimization Phase 1 : Time (s): cpu = 00:06:29 ; elapsed = 00:07:05 . Memory (MB): peak = 15144.570 ; gain = 13373.332

---------------------------------------------------------------------------------

Netlist sorting complete. Time (s): cpu = 00:07:04 ; elapsed = 00:07:26 . Memory (MB): peak = 28881.512 ; gain = 406.082

INFO: [Netlist 29-17] Analyzing 85813 Unisim elements for replacement

INFO: [Netlist 29-28] Unisim Transformation completed in 9 CPU seconds

--- SYNTH_TOP
SYNTH_TOP_PENDING
--- IMPL
IMPL_PENDING
===== poll 2 2026-06-18T11:41:39 =====
--- VIVADO


   Id         CPU StartTime

   --         --- ---------

25872       162.5 6/18/2026 10:42:44 AM

27336 3089.890625 6/18/2026 10:44:20 AM





STATUS BIT=0 LTX=0
--- SYNTH_SUB




FullName      : C:\Users\yuyao\w\b6\tbv\tbv.runs\tb_batch_0_0_synth_1\runme.log

Length        : 79448

LastWriteTime : 6/18/2026 11:18:21 AM







WARNING: [Synth 8-7129] Port SCLR in module xbip_pipe_v3_0_7_viv__parameterized21 is either unconnected or has no load

WARNING: [Synth 8-7129] Port SSET in module xbip_pipe_v3_0_7_viv__parameterized21 is either unconnected or has no load

WARNING: [Synth 8-7129] Port SINIT in module xbip_pipe_v3_0_7_viv__parameterized21 is either unconnected or has no load

WARNING: [Synth 8-7129] Port CLK in module xbip_pipe_v3_0_7_viv__parameterized19 is either unconnected or has no load

WARNING: [Synth 8-7129] Port CE in module xbip_pipe_v3_0_7_viv__parameterized19 is either unconnected or has no load

WARNING: [Synth 8-7129] Port SCLR in module xbip_pipe_v3_0_7_viv__parameterized19 is either unconnected or has no load

WARNING: [Synth 8-7129] Port SSET in module xbip_pipe_v3_0_7_viv__parameterized19 is either unconnected or has no load

WARNING: [Synth 8-7129] Port SINIT in module xbip_pipe_v3_0_7_viv__parameterized19 is either unconnected or has no load

WARNING: [Synth 8-7129] Port CLK in module xbip_pipe_v3_0_7_viv__parameterized17 is either unconnected or has no load

INFO: [Common 17-14] Message 'Synth 8-7129' appears 100 times and further instances of the messages will be disabled. Use the Tcl command set_msg_config to change the current settings.

---------------------------------------------------------------------------------

Finished RTL Elaboration : Time (s): cpu = 00:06:22 ; elapsed = 00:06:58 . Memory (MB): peak = 15144.570 ; gain = 13373.332

---------------------------------------------------------------------------------

---------------------------------------------------------------------------------

Start Handling Custom Attributes

---------------------------------------------------------------------------------

---------------------------------------------------------------------------------

Finished Handling Custom Attributes : Time (s): cpu = 00:06:29 ; elapsed = 00:07:05 . Memory (MB): peak = 15144.570 ; gain = 13373.332

---------------------------------------------------------------------------------

---------------------------------------------------------------------------------

Finished RTL Optimization Phase 1 : Time (s): cpu = 00:06:29 ; elapsed = 00:07:05 . Memory (MB): peak = 15144.570 ; gain = 13373.332

---------------------------------------------------------------------------------

Netlist sorting complete. Time (s): cpu = 00:07:04 ; elapsed = 00:07:26 . Memory (MB): peak = 28881.512 ; gain = 406.082

INFO: [Netlist 29-17] Analyzing 85813 Unisim elements for replacement

INFO: [Netlist 29-28] Unisim Transformation completed in 9 CPU seconds

--- SYNTH_TOP
SYNTH_TOP_PENDING
--- IMPL
IMPL_PENDING
===== poll 3 2026-06-18T11:46:40 =====
--- VIVADO


   Id         CPU StartTime

   --         --- ---------

25872      168.75 6/18/2026 10:42:44 AM

27336 3356.796875 6/18/2026 10:44:20 AM





STATUS BIT=0 LTX=0
--- SYNTH_SUB




FullName      : C:\Users\yuyao\w\b6\tbv\tbv.runs\tb_batch_0_0_synth_1\runme.log

Length        : 79448

LastWriteTime : 6/18/2026 11:18:21 AM







WARNING: [Synth 8-7129] Port SCLR in module xbip_pipe_v3_0_7_viv__parameterized21 is either unconnected or has no load

WARNING: [Synth 8-7129] Port SSET in module xbip_pipe_v3_0_7_viv__parameterized21 is either unconnected or has no load

WARNING: [Synth 8-7129] Port SINIT in module xbip_pipe_v3_0_7_viv__parameterized21 is either unconnected or has no load

WARNING: [Synth 8-7129] Port CLK in module xbip_pipe_v3_0_7_viv__parameterized19 is either unconnected or has no load

WARNING: [Synth 8-7129] Port CE in module xbip_pipe_v3_0_7_viv__parameterized19 is either unconnected or has no load

WARNING: [Synth 8-7129] Port SCLR in module xbip_pipe_v3_0_7_viv__parameterized19 is either unconnected or has no load

WARNING: [Synth 8-7129] Port SSET in module xbip_pipe_v3_0_7_viv__parameterized19 is either unconnected or has no load

WARNING: [Synth 8-7129] Port SINIT in module xbip_pipe_v3_0_7_viv__parameterized19 is either unconnected or has no load

WARNING: [Synth 8-7129] Port CLK in module xbip_pipe_v3_0_7_viv__parameterized17 is either unconnected or has no load

INFO: [Common 17-14] Message 'Synth 8-7129' appears 100 times and further instances of the messages will be disabled. Use the Tcl command set_msg_config to change the current settings.

---------------------------------------------------------------------------------

Finished RTL Elaboration : Time (s): cpu = 00:06:22 ; elapsed = 00:06:58 . Memory (MB): peak = 15144.570 ; gain = 13373.332

---------------------------------------------------------------------------------

---------------------------------------------------------------------------------

Start Handling Custom Attributes

---------------------------------------------------------------------------------

---------------------------------------------------------------------------------

Finished Handling Custom Attributes : Time (s): cpu = 00:06:29 ; elapsed = 00:07:05 . Memory (MB): peak = 15144.570 ; gain = 13373.332

---------------------------------------------------------------------------------

---------------------------------------------------------------------------------

Finished RTL Optimization Phase 1 : Time (s): cpu = 00:06:29 ; elapsed = 00:07:05 . Memory (MB): peak = 15144.570 ; gain = 13373.332

---------------------------------------------------------------------------------

Netlist sorting complete. Time (s): cpu = 00:07:04 ; elapsed = 00:07:26 . Memory (MB): peak = 28881.512 ; gain = 406.082

INFO: [Netlist 29-17] Analyzing 85813 Unisim elements for replacement

INFO: [Netlist 29-28] Unisim Transformation completed in 9 CPU seconds

--- SYNTH_TOP
SYNTH_TOP_PENDING
--- IMPL
IMPL_PENDING
===== poll 4 2026-06-18T11:51:41 =====
--- VIVADO


   Id         CPU StartTime

   --         --- ---------

25872  175.140625 6/18/2026 10:42:44 AM

27336 3629.796875 6/18/2026 10:44:20 AM





STATUS BIT=0 LTX=0
--- SYNTH_SUB




FullName      : C:\Users\yuyao\w\b6\tbv\tbv.runs\tb_batch_0_0_synth_1\runme.log

Length        : 79448

LastWriteTime : 6/18/2026 11:18:21 AM







WARNING: [Synth 8-7129] Port SCLR in module xbip_pipe_v3_0_7_viv__parameterized21 is either unconnected or has no load

WARNING: [Synth 8-7129] Port SSET in module xbip_pipe_v3_0_7_viv__parameterized21 is either unconnected or has no load

WARNING: [Synth 8-7129] Port SINIT in module xbip_pipe_v3_0_7_viv__parameterized21 is either unconnected or has no load

WARNING: [Synth 8-7129] Port CLK in module xbip_pipe_v3_0_7_viv__parameterized19 is either unconnected or has no load

WARNING: [Synth 8-7129] Port CE in module xbip_pipe_v3_0_7_viv__parameterized19 is either unconnected or has no load

WARNING: [Synth 8-7129] Port SCLR in module xbip_pipe_v3_0_7_viv__parameterized19 is either unconnected or has no load

WARNING: [Synth 8-7129] Port SSET in module xbip_pipe_v3_0_7_viv__parameterized19 is either unconnected or has no load

WARNING: [Synth 8-7129] Port SINIT in module xbip_pipe_v3_0_7_viv__parameterized19 is either unconnected or has no load

WARNING: [Synth 8-7129] Port CLK in module xbip_pipe_v3_0_7_viv__parameterized17 is either unconnected or has no load

INFO: [Common 17-14] Message 'Synth 8-7129' appears 100 times and further instances of the messages will be disabled. Use the Tcl command set_msg_config to change the current settings.

---------------------------------------------------------------------------------

Finished RTL Elaboration : Time (s): cpu = 00:06:22 ; elapsed = 00:06:58 . Memory (MB): peak = 15144.570 ; gain = 13373.332

---------------------------------------------------------------------------------

---------------------------------------------------------------------------------

Start Handling Custom Attributes

---------------------------------------------------------------------------------

---------------------------------------------------------------------------------

Finished Handling Custom Attributes : Time (s): cpu = 00:06:29 ; elapsed = 00:07:05 . Memory (MB): peak = 15144.570 ; gain = 13373.332

---------------------------------------------------------------------------------

---------------------------------------------------------------------------------

Finished RTL Optimization Phase 1 : Time (s): cpu = 00:06:29 ; elapsed = 00:07:05 . Memory (MB): peak = 15144.570 ; gain = 13373.332

---------------------------------------------------------------------------------

Netlist sorting complete. Time (s): cpu = 00:07:04 ; elapsed = 00:07:26 . Memory (MB): peak = 28881.512 ; gain = 406.082

INFO: [Netlist 29-17] Analyzing 85813 Unisim elements for replacement

INFO: [Netlist 29-28] Unisim Transformation completed in 9 CPU seconds

--- SYNTH_TOP
SYNTH_TOP_PENDING
--- IMPL
IMPL_PENDING
===== poll 5 2026-06-18T11:56:42 =====
--- VIVADO


   Id        CPU StartTime

   --        --- ---------

25872 181.140625 6/18/2026 10:42:44 AM

27336  3928.1875 6/18/2026 10:44:20 AM





STATUS BIT=0 LTX=0
--- SYNTH_SUB




FullName      : C:\Users\yuyao\w\b6\tbv\tbv.runs\tb_batch_0_0_synth_1\runme.log

Length        : 79448

LastWriteTime : 6/18/2026 11:18:21 AM







WARNING: [Synth 8-7129] Port SCLR in module xbip_pipe_v3_0_7_viv__parameterized21 is either unconnected or has no load

WARNING: [Synth 8-7129] Port SSET in module xbip_pipe_v3_0_7_viv__parameterized21 is either unconnected or has no load

WARNING: [Synth 8-7129] Port SINIT in module xbip_pipe_v3_0_7_viv__parameterized21 is either unconnected or has no load

WARNING: [Synth 8-7129] Port CLK in module xbip_pipe_v3_0_7_viv__parameterized19 is either unconnected or has no load

WARNING: [Synth 8-7129] Port CE in module xbip_pipe_v3_0_7_viv__parameterized19 is either unconnected or has no load

WARNING: [Synth 8-7129] Port SCLR in module xbip_pipe_v3_0_7_viv__parameterized19 is either unconnected or has no load

WARNING: [Synth 8-7129] Port SSET in module xbip_pipe_v3_0_7_viv__parameterized19 is either unconnected or has no load

WARNING: [Synth 8-7129] Port SINIT in module xbip_pipe_v3_0_7_viv__parameterized19 is either unconnected or has no load

WARNING: [Synth 8-7129] Port CLK in module xbip_pipe_v3_0_7_viv__parameterized17 is either unconnected or has no load

INFO: [Common 17-14] Message 'Synth 8-7129' appears 100 times and further instances of the messages will be disabled. Use the Tcl command set_msg_config to change the current settings.

---------------------------------------------------------------------------------

Finished RTL Elaboration : Time (s): cpu = 00:06:22 ; elapsed = 00:06:58 . Memory (MB): peak = 15144.570 ; gain = 13373.332

---------------------------------------------------------------------------------

---------------------------------------------------------------------------------

Start Handling Custom Attributes

---------------------------------------------------------------------------------

---------------------------------------------------------------------------------

Finished Handling Custom Attributes : Time (s): cpu = 00:06:29 ; elapsed = 00:07:05 . Memory (MB): peak = 15144.570 ; gain = 13373.332

---------------------------------------------------------------------------------

---------------------------------------------------------------------------------

Finished RTL Optimization Phase 1 : Time (s): cpu = 00:06:29 ; elapsed = 00:07:05 . Memory (MB): peak = 15144.570 ; gain = 13373.332

---------------------------------------------------------------------------------

Netlist sorting complete. Time (s): cpu = 00:07:04 ; elapsed = 00:07:26 . Memory (MB): peak = 28881.512 ; gain = 406.082

INFO: [Netlist 29-17] Analyzing 85813 Unisim elements for replacement

INFO: [Netlist 29-28] Unisim Transformation completed in 9 CPU seconds

--- SYNTH_TOP
SYNTH_TOP_PENDING
--- IMPL
IMPL_PENDING
===== poll 6 2026-06-18T12:01:43 =====
--- VIVADO


   Id         CPU StartTime

   --         --- ---------

25872  187.296875 6/18/2026 10:42:44 AM

27336 4228.640625 6/18/2026 10:44:20 AM





STATUS BIT=0 LTX=0
--- SYNTH_SUB




FullName      : C:\Users\yuyao\w\b6\tbv\tbv.runs\tb_batch_0_0_synth_1\runme.log

Length        : 79448

LastWriteTime : 6/18/2026 11:18:21 AM







WARNING: [Synth 8-7129] Port SCLR in module xbip_pipe_v3_0_7_viv__parameterized21 is either unconnected or has no load

WARNING: [Synth 8-7129] Port SSET in module xbip_pipe_v3_0_7_viv__parameterized21 is either unconnected or has no load

WARNING: [Synth 8-7129] Port SINIT in module xbip_pipe_v3_0_7_viv__parameterized21 is either unconnected or has no load

WARNING: [Synth 8-7129] Port CLK in module xbip_pipe_v3_0_7_viv__parameterized19 is either unconnected or has no load

WARNING: [Synth 8-7129] Port CE in module xbip_pipe_v3_0_7_viv__parameterized19 is either unconnected or has no load

WARNING: [Synth 8-7129] Port SCLR in module xbip_pipe_v3_0_7_viv__parameterized19 is either unconnected or has no load

WARNING: [Synth 8-7129] Port SSET in module xbip_pipe_v3_0_7_viv__parameterized19 is either unconnected or has no load

WARNING: [Synth 8-7129] Port SINIT in module xbip_pipe_v3_0_7_viv__parameterized19 is either unconnected or has no load

WARNING: [Synth 8-7129] Port CLK in module xbip_pipe_v3_0_7_viv__parameterized17 is either unconnected or has no load

INFO: [Common 17-14] Message 'Synth 8-7129' appears 100 times and further instances of the messages will be disabled. Use the Tcl command set_msg_config to change the current settings.

---------------------------------------------------------------------------------

Finished RTL Elaboration : Time (s): cpu = 00:06:22 ; elapsed = 00:06:58 . Memory (MB): peak = 15144.570 ; gain = 13373.332

---------------------------------------------------------------------------------

---------------------------------------------------------------------------------

Start Handling Custom Attributes

---------------------------------------------------------------------------------

---------------------------------------------------------------------------------

Finished Handling Custom Attributes : Time (s): cpu = 00:06:29 ; elapsed = 00:07:05 . Memory (MB): peak = 15144.570 ; gain = 13373.332

---------------------------------------------------------------------------------

---------------------------------------------------------------------------------

Finished RTL Optimization Phase 1 : Time (s): cpu = 00:06:29 ; elapsed = 00:07:05 . Memory (MB): peak = 15144.570 ; gain = 13373.332

---------------------------------------------------------------------------------

Netlist sorting complete. Time (s): cpu = 00:07:04 ; elapsed = 00:07:26 . Memory (MB): peak = 28881.512 ; gain = 406.082

INFO: [Netlist 29-17] Analyzing 85813 Unisim elements for replacement

INFO: [Netlist 29-28] Unisim Transformation completed in 9 CPU seconds

--- SYNTH_TOP
SYNTH_TOP_PENDING
--- IMPL
IMPL_PENDING
===== poll 7 2026-06-18T12:06:44 =====
--- VIVADO


   Id         CPU StartTime

   --         --- ---------

25872   193.53125 6/18/2026 10:42:44 AM

27336 4526.578125 6/18/2026 10:44:20 AM





STATUS BIT=0 LTX=0
--- SYNTH_SUB




FullName      : C:\Users\yuyao\w\b6\tbv\tbv.runs\tb_batch_0_0_synth_1\runme.log

Length        : 79448

LastWriteTime : 6/18/2026 11:18:21 AM







WARNING: [Synth 8-7129] Port SCLR in module xbip_pipe_v3_0_7_viv__parameterized21 is either unconnected or has no load

WARNING: [Synth 8-7129] Port SSET in module xbip_pipe_v3_0_7_viv__parameterized21 is either unconnected or has no load

WARNING: [Synth 8-7129] Port SINIT in module xbip_pipe_v3_0_7_viv__parameterized21 is either unconnected or has no load

WARNING: [Synth 8-7129] Port CLK in module xbip_pipe_v3_0_7_viv__parameterized19 is either unconnected or has no load

WARNING: [Synth 8-7129] Port CE in module xbip_pipe_v3_0_7_viv__parameterized19 is either unconnected or has no load

WARNING: [Synth 8-7129] Port SCLR in module xbip_pipe_v3_0_7_viv__parameterized19 is either unconnected or has no load

WARNING: [Synth 8-7129] Port SSET in module xbip_pipe_v3_0_7_viv__parameterized19 is either unconnected or has no load

WARNING: [Synth 8-7129] Port SINIT in module xbip_pipe_v3_0_7_viv__parameterized19 is either unconnected or has no load

WARNING: [Synth 8-7129] Port CLK in module xbip_pipe_v3_0_7_viv__parameterized17 is either unconnected or has no load

INFO: [Common 17-14] Message 'Synth 8-7129' appears 100 times and further instances of the messages will be disabled. Use the Tcl command set_msg_config to change the current settings.

---------------------------------------------------------------------------------

Finished RTL Elaboration : Time (s): cpu = 00:06:22 ; elapsed = 00:06:58 . Memory (MB): peak = 15144.570 ; gain = 13373.332

---------------------------------------------------------------------------------

---------------------------------------------------------------------------------

Start Handling Custom Attributes

---------------------------------------------------------------------------------

---------------------------------------------------------------------------------

Finished Handling Custom Attributes : Time (s): cpu = 00:06:29 ; elapsed = 00:07:05 . Memory (MB): peak = 15144.570 ; gain = 13373.332

---------------------------------------------------------------------------------

---------------------------------------------------------------------------------

Finished RTL Optimization Phase 1 : Time (s): cpu = 00:06:29 ; elapsed = 00:07:05 . Memory (MB): peak = 15144.570 ; gain = 13373.332

---------------------------------------------------------------------------------

Netlist sorting complete. Time (s): cpu = 00:07:04 ; elapsed = 00:07:26 . Memory (MB): peak = 28881.512 ; gain = 406.082

INFO: [Netlist 29-17] Analyzing 85813 Unisim elements for replacement

INFO: [Netlist 29-28] Unisim Transformation completed in 9 CPU seconds

--- SYNTH_TOP
SYNTH_TOP_PENDING
--- IMPL
IMPL_PENDING
===== poll 8 2026-06-18T12:11:45 =====
STATUS BIT=0 LTX=0
--- SYNTH_SUB




FullName      : C:\Users\yuyao\w\b6\tbv\tbv.runs\tb_batch_0_0_synth_1\runme.log

Length        : 80051

LastWriteTime : 6/18/2026 12:09:01 PM







Start Handling Custom Attributes

---------------------------------------------------------------------------------

---------------------------------------------------------------------------------

Finished Handling Custom Attributes : Time (s): cpu = 00:06:29 ; elapsed = 00:07:05 . Memory (MB): peak = 15144.570 ; gain = 13373.332

---------------------------------------------------------------------------------

---------------------------------------------------------------------------------

Finished RTL Optimization Phase 1 : Time (s): cpu = 00:06:29 ; elapsed = 00:07:05 . Memory (MB): peak = 15144.570 ; gain = 13373.332

---------------------------------------------------------------------------------

Netlist sorting complete. Time (s): cpu = 00:07:04 ; elapsed = 00:07:26 . Memory (MB): peak = 28881.512 ; gain = 406.082

INFO: [Netlist 29-17] Analyzing 85813 Unisim elements for replacement

INFO: [Netlist 29-28] Unisim Transformation completed in 9 CPU seconds

INFO: [Common 17-83] Releasing license: Synthesis

218 Infos, 122 Warnings, 0 Critical Warnings and 1 Errors encountered.

synth_design failed

The application has run out of memory

    while executing

"synth_design -top tb_batch_0_0 -part xcvu9p-flga2104-2L-e -incremental_mode off -mode out_of_context"

    invoked from within

"if { $cacheID == "" } {

close [open __synthesis_is_running__ w]



OPTRACE "synth_design" START { }

synth_design -top tb_batch_0_0 -part xcvu9p-flga2104..."

    (file "tb_batch_0_0.tcl" line 113)

INFO: [Common 17-206] Exiting Vivado at Thu Jun 18 12:09:01 2026...

--- SYNTH_TOP
SYNTH_TOP_PENDING
--- IMPL
IMPL_PENDING
