===== poll 1 2026-06-18T11:18:36 =====
STATUS BIT=0 LTX=0
--- SYNTH_SUB
WARNING: [Synth 8-7129] Port SINIT in module xbip_pipe_v3_0_7_viv__parameterized23 is either unconnected or has no load

WARNING: [Synth 8-7129] Port CLK in module xbip_pipe_v3_0_7_viv__parameterized21 is either unconnected or has no load

WARNING: [Synth 8-7129] Port CE in module xbip_pipe_v3_0_7_viv__parameterized21 is either unconnected or has no load

WARNING: [Synth 8-7129] Port SCLR in module xbip_pipe_v3_0_7_viv__parameterized21 is either unconnected or has no load

WARNING: [Synth 8-7129] Port SSET in module xbip_pipe_v3_0_7_viv__parameterized21 is either unconnected or has no load

WARNING: [Synth 8-7129] Port SINIT in module xbip_pipe_v3_0_7_viv__parameterized21 is either unconnected or has no load

WARNING: [Synth 8-7129] Port CLK in module xbip_pipe_v3_0_7_viv__parameterized19 is either unconnected or has no load

WARNING: [Synth 8-7129] Port CE in module xbip_pipe_v3_0_7_viv__parameterized19 is either unconnected or has no load

WARNING: [Synth 8-7129] Port SCLR in module xbip_pipe_v3_0_7_viv__parameterized19 is either unconnected or has no load

WARNING: [Synth 8-7129] Port SSET in module xbip_pipe_v3_0_7_viv__parameterized19 is either unconnected or has no load

WARNING: [Synth 8-7129] Port SINIT in module xbip_pipe_v3_0_7_viv__parameterized19 is either unconnected or has no load

WARNING: [Synth 8-7129] Port CLK in module xbip_pipe_v3_0_7_viv__parameterized17 is either unconnected or has no load

INFO: [Common 17-14] Message 'Synth 8-7129' appears 100 times and further instances of the messages will be disabled. Use the Tcl command set_msg_config to change the current settings.

---------------------------------------------------------------------------------

Finished RTL Elaboration : Time (s): cpu = 00:06:22 ; elapsed = 00:06:58 . Memory (MB): peak = 15144.570 ; gain = 13373.332

---------------------------------------------------------------------------------

---------------------------------------------------------------------------------

Start Handling Custom Attributes

---------------------------------------------------------------------------------

---------------------------------------------------------------------------------

Finished Handling Custom Attributes : Time (s): cpu = 00:06:29 ; elapsed = 00:07:05 . Memory (MB): peak = 15144.570 ; gain = 13373.332

---------------------------------------------------------------------------------

---------------------------------------------------------------------------------

Finished RTL Optimization Phase 1 : Time (s): cpu = 00:06:29 ; elapsed = 00:07:05 . Memory (MB): peak = 15144.570 ; gain = 13373.332

---------------------------------------------------------------------------------

--- SYNTH_TOP
SYNTH_TOP_PENDING
--- IMPL
IMPL_PENDING
