

================================================================
== Vivado HLS Report for 'bop_step_kernel_n200_s1'
================================================================
* Date:           Thu Jun 11 14:44:23 2026

* Version:        2019.2 (Build 2704478 on Wed Nov 06 22:10:23 MST 2019)
* Project:        bop_step_n200_s1_10ns_lowlane
* Solution:       solution1
* Product family: virtexuplus
* Target device:  xcvu9p-flga2104-2L-e


================================================================
== Performance Estimates
================================================================
+ Timing:
    * Summary:
    +--------+----------+-----------+------------+
    |  Clock |  Target  | Estimated | Uncertainty|
    +--------+----------+-----------+------------+
    |ap_clk  | 10.00 ns | 10.060 ns |   1.25 ns  |
    +--------+----------+-----------+------------+

+ Latency:
    * Summary:
    +---------+---------+-----------+-----------+------+------+---------+
    |  Latency (cycles) |   Latency (absolute)  |   Interval  | Pipeline|
    |   min   |   max   |    min    |    max    |  min |  max |   Type  |
    +---------+---------+-----------+-----------+------+------+---------+
    |     3290|     3290| 33.097 us | 33.097 us |  3290|  3290|   none  |
    +---------+---------+-----------+-----------+------+------+---------+

    + Detail:
        * Instance:
        +---------------------------------+----------------------+---------+---------+-----------+-----------+------+------+---------+
        |                                 |                      |  Latency (cycles) |   Latency (absolute)  |   Interval  | Pipeline|
        |             Instance            |        Module        |   min   |   max   |    min    |    max    |  min |  max |   Type  |
        +---------------------------------+----------------------+---------+---------+-----------+-----------+------+------+---------+
        |grp_bop_step_kernel_impl_fu_872  |bop_step_kernel_impl  |     3288|     3288| 33.077 us | 33.077 us |  3288|  3288|   none  |
        +---------------------------------+----------------------+---------+---------+-----------+-----------+------+------+---------+

        * Loop:
        N/A



================================================================
== Utilization Estimates
================================================================
* Summary:
+---------------------+---------+-------+---------+---------+-----+
|         Name        | BRAM_18K| DSP48E|    FF   |   LUT   | URAM|
+---------------------+---------+-------+---------+---------+-----+
|DSP                  |        -|      -|        -|        -|    -|
|Expression           |        -|      -|        -|        -|    -|
|FIFO                 |        -|      -|        -|        -|    -|
|Instance             |      228|    401|    57368|    93111|    0|
|Memory               |        -|      -|        -|        -|    -|
|Multiplexer          |        -|      -|        -|      111|    -|
|Register             |        -|      -|     1101|        -|    -|
+---------------------+---------+-------+---------+---------+-----+
|Total                |      228|    401|    58469|    93222|    0|
+---------------------+---------+-------+---------+---------+-----+
|Available SLR        |     1440|   2280|   788160|   394080|  320|
+---------------------+---------+-------+---------+---------+-----+
|Utilization SLR (%)  |       15|     17|        7|       23|    0|
+---------------------+---------+-------+---------+---------+-----+
|Available            |     4320|   6840|  2364480|  1182240|  960|
+---------------------+---------+-------+---------+---------+-----+
|Utilization (%)      |        5|      5|        2|        7|    0|
+---------------------+---------+-------+---------+---------+-----+

+ Detail:
    * Instance:
    +-----------------------------------------+---------------------------------------+---------+-------+-------+-------+-----+
    |                 Instance                |                 Module                | BRAM_18K| DSP48E|   FF  |  LUT  | URAM|
    +-----------------------------------------+---------------------------------------+---------+-------+-------+-------+-----+
    |grp_bop_step_kernel_impl_fu_872          |bop_step_kernel_impl                   |      216|    401|  51668|  84053|    0|
    |bop_step_kernel_n200_s1_control_s_axi_U  |bop_step_kernel_n200_s1_control_s_axi  |        0|      0|   4002|   6760|    0|
    |bop_step_kernel_n200_s1_gmem0_m_axi_U    |bop_step_kernel_n200_s1_gmem0_m_axi    |        4|      0|    566|    766|    0|
    |bop_step_kernel_n200_s1_gmem1_m_axi_U    |bop_step_kernel_n200_s1_gmem1_m_axi    |        4|      0|    566|    766|    0|
    |bop_step_kernel_n200_s1_gmem2_m_axi_U    |bop_step_kernel_n200_s1_gmem2_m_axi    |        4|      0|    566|    766|    0|
    +-----------------------------------------+---------------------------------------+---------+-------+-------+-------+-----+
    |Total                                    |                                       |      228|    401|  57368|  93111|    0|
    +-----------------------------------------+---------------------------------------+---------+-------+-------+-------+-----+

    * DSP48E:
    N/A

    * Memory:
    N/A

    * FIFO:
    N/A

    * Expression:
    N/A

    * Multiplexer:
    +---------------+----+-----------+-----+-----------+
    |      Name     | LUT| Input Size| Bits| Total Bits|
    +---------------+----+-----------+-----+-----------+
    |ap_NS_fsm      |  21|          4|    1|          4|
    |gmem0_ARVALID  |   9|          2|    1|          2|
    |gmem0_AWVALID  |   9|          2|    1|          2|
    |gmem0_BREADY   |   9|          2|    1|          2|
    |gmem0_RREADY   |   9|          2|    1|          2|
    |gmem0_WVALID   |   9|          2|    1|          2|
    |gmem1_ARVALID  |   9|          2|    1|          2|
    |gmem1_RREADY   |   9|          2|    1|          2|
    |gmem2_AWVALID  |   9|          2|    1|          2|
    |gmem2_BREADY   |   9|          2|    1|          2|
    |gmem2_WVALID   |   9|          2|    1|          2|
    +---------------+----+-----------+-----+-----------+
    |Total          | 111|         24|   11|         24|
    +---------------+----+-----------+-----+-----------+

    * Register:
    +----------------------------------------------+----+----+-----+-----------+
    |                     Name                     | FF | LUT| Bits| Const Bits|
    +----------------------------------------------+----+----+-----+-----------+
    |Ts_HX1_L_read_reg_2847                        |  64|   0|   64|          0|
    |Tss_HX1_0_read_reg_2842                       |  64|   0|   64|          0|
    |Tss_HX2_L_read_reg_2837                       |  64|   0|   64|          0|
    |Tsss_HX2_0_read_reg_2832                      |  64|   0|   64|          0|
    |ap_CS_fsm                                     |   3|   0|    3|          0|
    |boundary_out_Ts_HX1_s_reg_2876                |  29|   0|   29|          0|
    |boundary_out_Tss_HX1_reg_2870                 |  29|   0|   29|          0|
    |boundary_out_Tss_HX2_reg_2864                 |  29|   0|   29|          0|
    |boundary_out_Tsss_HX_reg_2858                 |  29|   0|   29|          0|
    |boundary_out_Tsss_pp_reg_2852                 |  29|   0|   29|          0|
    |grp_bop_step_kernel_impl_fu_872_ap_start_reg  |   1|   0|    1|          0|
    |params_brayton_coole_reg_2886                 |  29|   0|   29|          0|
    |params_brayton_eta_c_2_reg_2911               |  29|   0|   29|          0|
    |params_brayton_eta_t_2_reg_2906               |  29|   0|   29|          0|
    |params_brayton_gamma_2_reg_2916               |  29|   0|   29|          0|
    |params_brayton_min_h_reg_2881                 |  29|   0|   29|          0|
    |params_brayton_pi_c1_reg_2901                 |  29|   0|   29|          0|
    |params_brayton_pi_t1_reg_2896                 |  29|   0|   29|          0|
    |params_brayton_recup_reg_2891                 |  29|   0|   29|          0|
    |params_err1_reg_2971                          |  29|   0|   29|          0|
    |params_hx1_cold_exch_reg_2946                 |  29|   0|   29|          0|
    |params_hx1_cold_velo_reg_2956                 |  29|   0|   29|          0|
    |params_hx1_dx1_reg_2966                       |  29|   0|   29|          0|
    |params_hx1_hot_excha_reg_2951                 |  29|   0|   29|          0|
    |params_hx1_hot_veloc_reg_2961                 |  29|   0|   29|          0|
    |params_hx2_cold_exch_reg_2921                 |  29|   0|   29|          0|
    |params_hx2_cold_velo_reg_2931                 |  29|   0|   29|          0|
    |params_hx2_dx1_reg_2941                       |  29|   0|   29|          0|
    |params_hx2_hot_excha_reg_2926                 |  29|   0|   29|          0|
    |params_hx2_hot_veloc_reg_2936                 |  29|   0|   29|          0|
    |params_outer_dt1_reg_2976                     |  29|   0|   29|          0|
    |state_hx1_cold3_reg_2993                      |  29|   0|   29|          0|
    |state_hx1_hot1_reg_2999                       |  29|   0|   29|          0|
    |state_hx2_cold7_reg_2981                      |  29|   0|   29|          0|
    |state_hx2_hot5_reg_2987                       |  29|   0|   29|          0|
    +----------------------------------------------+----+----+-----+-----------+
    |Total                                         |1101|   0| 1101|          0|
    +----------------------------------------------+----+----+-----+-----------+



================================================================
== Interface
================================================================
* Summary:
+-----------------------+-----+-----+------------+-------------------------+--------------+
|       RTL Ports       | Dir | Bits|  Protocol  |      Source Object      |    C Type    |
+-----------------------+-----+-----+------------+-------------------------+--------------+
|s_axi_control_AWVALID  |  in |    1|    s_axi   |         control         |    scalar    |
|s_axi_control_AWREADY  | out |    1|    s_axi   |         control         |    scalar    |
|s_axi_control_AWADDR   |  in |   10|    s_axi   |         control         |    scalar    |
|s_axi_control_WVALID   |  in |    1|    s_axi   |         control         |    scalar    |
|s_axi_control_WREADY   | out |    1|    s_axi   |         control         |    scalar    |
|s_axi_control_WDATA    |  in |   32|    s_axi   |         control         |    scalar    |
|s_axi_control_WSTRB    |  in |    4|    s_axi   |         control         |    scalar    |
|s_axi_control_ARVALID  |  in |    1|    s_axi   |         control         |    scalar    |
|s_axi_control_ARREADY  | out |    1|    s_axi   |         control         |    scalar    |
|s_axi_control_ARADDR   |  in |   10|    s_axi   |         control         |    scalar    |
|s_axi_control_RVALID   | out |    1|    s_axi   |         control         |    scalar    |
|s_axi_control_RREADY   |  in |    1|    s_axi   |         control         |    scalar    |
|s_axi_control_RDATA    | out |   32|    s_axi   |         control         |    scalar    |
|s_axi_control_RRESP    | out |    2|    s_axi   |         control         |    scalar    |
|s_axi_control_BVALID   | out |    1|    s_axi   |         control         |    scalar    |
|s_axi_control_BREADY   |  in |    1|    s_axi   |         control         |    scalar    |
|s_axi_control_BRESP    | out |    2|    s_axi   |         control         |    scalar    |
|ap_clk                 |  in |    1| ap_ctrl_hs | bop_step_kernel_n200_s1 | return value |
|ap_rst_n               |  in |    1| ap_ctrl_hs | bop_step_kernel_n200_s1 | return value |
|interrupt              | out |    1| ap_ctrl_hs | bop_step_kernel_n200_s1 | return value |
|m_axi_gmem0_AWVALID    | out |    1|    m_axi   |          gmem0          |    pointer   |
|m_axi_gmem0_AWREADY    |  in |    1|    m_axi   |          gmem0          |    pointer   |
|m_axi_gmem0_AWADDR     | out |   32|    m_axi   |          gmem0          |    pointer   |
|m_axi_gmem0_AWID       | out |    1|    m_axi   |          gmem0          |    pointer   |
|m_axi_gmem0_AWLEN      | out |    8|    m_axi   |          gmem0          |    pointer   |
|m_axi_gmem0_AWSIZE     | out |    3|    m_axi   |          gmem0          |    pointer   |
|m_axi_gmem0_AWBURST    | out |    2|    m_axi   |          gmem0          |    pointer   |
|m_axi_gmem0_AWLOCK     | out |    2|    m_axi   |          gmem0          |    pointer   |
|m_axi_gmem0_AWCACHE    | out |    4|    m_axi   |          gmem0          |    pointer   |
|m_axi_gmem0_AWPROT     | out |    3|    m_axi   |          gmem0          |    pointer   |
|m_axi_gmem0_AWQOS      | out |    4|    m_axi   |          gmem0          |    pointer   |
|m_axi_gmem0_AWREGION   | out |    4|    m_axi   |          gmem0          |    pointer   |
|m_axi_gmem0_AWUSER     | out |    1|    m_axi   |          gmem0          |    pointer   |
|m_axi_gmem0_WVALID     | out |    1|    m_axi   |          gmem0          |    pointer   |
|m_axi_gmem0_WREADY     |  in |    1|    m_axi   |          gmem0          |    pointer   |
|m_axi_gmem0_WDATA      | out |   64|    m_axi   |          gmem0          |    pointer   |
|m_axi_gmem0_WSTRB      | out |    8|    m_axi   |          gmem0          |    pointer   |
|m_axi_gmem0_WLAST      | out |    1|    m_axi   |          gmem0          |    pointer   |
|m_axi_gmem0_WID        | out |    1|    m_axi   |          gmem0          |    pointer   |
|m_axi_gmem0_WUSER      | out |    1|    m_axi   |          gmem0          |    pointer   |
|m_axi_gmem0_ARVALID    | out |    1|    m_axi   |          gmem0          |    pointer   |
|m_axi_gmem0_ARREADY    |  in |    1|    m_axi   |          gmem0          |    pointer   |
|m_axi_gmem0_ARADDR     | out |   32|    m_axi   |          gmem0          |    pointer   |
|m_axi_gmem0_ARID       | out |    1|    m_axi   |          gmem0          |    pointer   |
|m_axi_gmem0_ARLEN      | out |    8|    m_axi   |          gmem0          |    pointer   |
|m_axi_gmem0_ARSIZE     | out |    3|    m_axi   |          gmem0          |    pointer   |
|m_axi_gmem0_ARBURST    | out |    2|    m_axi   |          gmem0          |    pointer   |
|m_axi_gmem0_ARLOCK     | out |    2|    m_axi   |          gmem0          |    pointer   |
|m_axi_gmem0_ARCACHE    | out |    4|    m_axi   |          gmem0          |    pointer   |
|m_axi_gmem0_ARPROT     | out |    3|    m_axi   |          gmem0          |    pointer   |
|m_axi_gmem0_ARQOS      | out |    4|    m_axi   |          gmem0          |    pointer   |
|m_axi_gmem0_ARREGION   | out |    4|    m_axi   |          gmem0          |    pointer   |
|m_axi_gmem0_ARUSER     | out |    1|    m_axi   |          gmem0          |    pointer   |
|m_axi_gmem0_RVALID     |  in |    1|    m_axi   |          gmem0          |    pointer   |
|m_axi_gmem0_RREADY     | out |    1|    m_axi   |          gmem0          |    pointer   |
|m_axi_gmem0_RDATA      |  in |   64|    m_axi   |          gmem0          |    pointer   |
|m_axi_gmem0_RLAST      |  in |    1|    m_axi   |          gmem0          |    pointer   |
|m_axi_gmem0_RID        |  in |    1|    m_axi   |          gmem0          |    pointer   |
|m_axi_gmem0_RUSER      |  in |    1|    m_axi   |          gmem0          |    pointer   |
|m_axi_gmem0_RRESP      |  in |    2|    m_axi   |          gmem0          |    pointer   |
|m_axi_gmem0_BVALID     |  in |    1|    m_axi   |          gmem0          |    pointer   |
|m_axi_gmem0_BREADY     | out |    1|    m_axi   |          gmem0          |    pointer   |
|m_axi_gmem0_BRESP      |  in |    2|    m_axi   |          gmem0          |    pointer   |
|m_axi_gmem0_BID        |  in |    1|    m_axi   |          gmem0          |    pointer   |
|m_axi_gmem0_BUSER      |  in |    1|    m_axi   |          gmem0          |    pointer   |
|m_axi_gmem1_AWVALID    | out |    1|    m_axi   |          gmem1          |    pointer   |
|m_axi_gmem1_AWREADY    |  in |    1|    m_axi   |          gmem1          |    pointer   |
|m_axi_gmem1_AWADDR     | out |   32|    m_axi   |          gmem1          |    pointer   |
|m_axi_gmem1_AWID       | out |    1|    m_axi   |          gmem1          |    pointer   |
|m_axi_gmem1_AWLEN      | out |    8|    m_axi   |          gmem1          |    pointer   |
|m_axi_gmem1_AWSIZE     | out |    3|    m_axi   |          gmem1          |    pointer   |
|m_axi_gmem1_AWBURST    | out |    2|    m_axi   |          gmem1          |    pointer   |
|m_axi_gmem1_AWLOCK     | out |    2|    m_axi   |          gmem1          |    pointer   |
|m_axi_gmem1_AWCACHE    | out |    4|    m_axi   |          gmem1          |    pointer   |
|m_axi_gmem1_AWPROT     | out |    3|    m_axi   |          gmem1          |    pointer   |
|m_axi_gmem1_AWQOS      | out |    4|    m_axi   |          gmem1          |    pointer   |
|m_axi_gmem1_AWREGION   | out |    4|    m_axi   |          gmem1          |    pointer   |
|m_axi_gmem1_AWUSER     | out |    1|    m_axi   |          gmem1          |    pointer   |
|m_axi_gmem1_WVALID     | out |    1|    m_axi   |          gmem1          |    pointer   |
|m_axi_gmem1_WREADY     |  in |    1|    m_axi   |          gmem1          |    pointer   |
|m_axi_gmem1_WDATA      | out |   64|    m_axi   |          gmem1          |    pointer   |
|m_axi_gmem1_WSTRB      | out |    8|    m_axi   |          gmem1          |    pointer   |
|m_axi_gmem1_WLAST      | out |    1|    m_axi   |          gmem1          |    pointer   |
|m_axi_gmem1_WID        | out |    1|    m_axi   |          gmem1          |    pointer   |
|m_axi_gmem1_WUSER      | out |    1|    m_axi   |          gmem1          |    pointer   |
|m_axi_gmem1_ARVALID    | out |    1|    m_axi   |          gmem1          |    pointer   |
|m_axi_gmem1_ARREADY    |  in |    1|    m_axi   |          gmem1          |    pointer   |
|m_axi_gmem1_ARADDR     | out |   32|    m_axi   |          gmem1          |    pointer   |
|m_axi_gmem1_ARID       | out |    1|    m_axi   |          gmem1          |    pointer   |
|m_axi_gmem1_ARLEN      | out |    8|    m_axi   |          gmem1          |    pointer   |
|m_axi_gmem1_ARSIZE     | out |    3|    m_axi   |          gmem1          |    pointer   |
|m_axi_gmem1_ARBURST    | out |    2|    m_axi   |          gmem1          |    pointer   |
|m_axi_gmem1_ARLOCK     | out |    2|    m_axi   |          gmem1          |    pointer   |
|m_axi_gmem1_ARCACHE    | out |    4|    m_axi   |          gmem1          |    pointer   |
|m_axi_gmem1_ARPROT     | out |    3|    m_axi   |          gmem1          |    pointer   |
|m_axi_gmem1_ARQOS      | out |    4|    m_axi   |          gmem1          |    pointer   |
|m_axi_gmem1_ARREGION   | out |    4|    m_axi   |          gmem1          |    pointer   |
|m_axi_gmem1_ARUSER     | out |    1|    m_axi   |          gmem1          |    pointer   |
|m_axi_gmem1_RVALID     |  in |    1|    m_axi   |          gmem1          |    pointer   |
|m_axi_gmem1_RREADY     | out |    1|    m_axi   |          gmem1          |    pointer   |
|m_axi_gmem1_RDATA      |  in |   64|    m_axi   |          gmem1          |    pointer   |
|m_axi_gmem1_RLAST      |  in |    1|    m_axi   |          gmem1          |    pointer   |
|m_axi_gmem1_RID        |  in |    1|    m_axi   |          gmem1          |    pointer   |
|m_axi_gmem1_RUSER      |  in |    1|    m_axi   |          gmem1          |    pointer   |
|m_axi_gmem1_RRESP      |  in |    2|    m_axi   |          gmem1          |    pointer   |
|m_axi_gmem1_BVALID     |  in |    1|    m_axi   |          gmem1          |    pointer   |
|m_axi_gmem1_BREADY     | out |    1|    m_axi   |          gmem1          |    pointer   |
|m_axi_gmem1_BRESP      |  in |    2|    m_axi   |          gmem1          |    pointer   |
|m_axi_gmem1_BID        |  in |    1|    m_axi   |          gmem1          |    pointer   |
|m_axi_gmem1_BUSER      |  in |    1|    m_axi   |          gmem1          |    pointer   |
|m_axi_gmem2_AWVALID    | out |    1|    m_axi   |          gmem2          |    pointer   |
|m_axi_gmem2_AWREADY    |  in |    1|    m_axi   |          gmem2          |    pointer   |
|m_axi_gmem2_AWADDR     | out |   32|    m_axi   |          gmem2          |    pointer   |
|m_axi_gmem2_AWID       | out |    1|    m_axi   |          gmem2          |    pointer   |
|m_axi_gmem2_AWLEN      | out |    8|    m_axi   |          gmem2          |    pointer   |
|m_axi_gmem2_AWSIZE     | out |    3|    m_axi   |          gmem2          |    pointer   |
|m_axi_gmem2_AWBURST    | out |    2|    m_axi   |          gmem2          |    pointer   |
|m_axi_gmem2_AWLOCK     | out |    2|    m_axi   |          gmem2          |    pointer   |
|m_axi_gmem2_AWCACHE    | out |    4|    m_axi   |          gmem2          |    pointer   |
|m_axi_gmem2_AWPROT     | out |    3|    m_axi   |          gmem2          |    pointer   |
|m_axi_gmem2_AWQOS      | out |    4|    m_axi   |          gmem2          |    pointer   |
|m_axi_gmem2_AWREGION   | out |    4|    m_axi   |          gmem2          |    pointer   |
|m_axi_gmem2_AWUSER     | out |    1|    m_axi   |          gmem2          |    pointer   |
|m_axi_gmem2_WVALID     | out |    1|    m_axi   |          gmem2          |    pointer   |
|m_axi_gmem2_WREADY     |  in |    1|    m_axi   |          gmem2          |    pointer   |
|m_axi_gmem2_WDATA      | out |   64|    m_axi   |          gmem2          |    pointer   |
|m_axi_gmem2_WSTRB      | out |    8|    m_axi   |          gmem2          |    pointer   |
|m_axi_gmem2_WLAST      | out |    1|    m_axi   |          gmem2          |    pointer   |
|m_axi_gmem2_WID        | out |    1|    m_axi   |          gmem2          |    pointer   |
|m_axi_gmem2_WUSER      | out |    1|    m_axi   |          gmem2          |    pointer   |
|m_axi_gmem2_ARVALID    | out |    1|    m_axi   |          gmem2          |    pointer   |
|m_axi_gmem2_ARREADY    |  in |    1|    m_axi   |          gmem2          |    pointer   |
|m_axi_gmem2_ARADDR     | out |   32|    m_axi   |          gmem2          |    pointer   |
|m_axi_gmem2_ARID       | out |    1|    m_axi   |          gmem2          |    pointer   |
|m_axi_gmem2_ARLEN      | out |    8|    m_axi   |          gmem2          |    pointer   |
|m_axi_gmem2_ARSIZE     | out |    3|    m_axi   |          gmem2          |    pointer   |
|m_axi_gmem2_ARBURST    | out |    2|    m_axi   |          gmem2          |    pointer   |
|m_axi_gmem2_ARLOCK     | out |    2|    m_axi   |          gmem2          |    pointer   |
|m_axi_gmem2_ARCACHE    | out |    4|    m_axi   |          gmem2          |    pointer   |
|m_axi_gmem2_ARPROT     | out |    3|    m_axi   |          gmem2          |    pointer   |
|m_axi_gmem2_ARQOS      | out |    4|    m_axi   |          gmem2          |    pointer   |
|m_axi_gmem2_ARREGION   | out |    4|    m_axi   |          gmem2          |    pointer   |
|m_axi_gmem2_ARUSER     | out |    1|    m_axi   |          gmem2          |    pointer   |
|m_axi_gmem2_RVALID     |  in |    1|    m_axi   |          gmem2          |    pointer   |
|m_axi_gmem2_RREADY     | out |    1|    m_axi   |          gmem2          |    pointer   |
|m_axi_gmem2_RDATA      |  in |   64|    m_axi   |          gmem2          |    pointer   |
|m_axi_gmem2_RLAST      |  in |    1|    m_axi   |          gmem2          |    pointer   |
|m_axi_gmem2_RID        |  in |    1|    m_axi   |          gmem2          |    pointer   |
|m_axi_gmem2_RUSER      |  in |    1|    m_axi   |          gmem2          |    pointer   |
|m_axi_gmem2_RRESP      |  in |    2|    m_axi   |          gmem2          |    pointer   |
|m_axi_gmem2_BVALID     |  in |    1|    m_axi   |          gmem2          |    pointer   |
|m_axi_gmem2_BREADY     | out |    1|    m_axi   |          gmem2          |    pointer   |
|m_axi_gmem2_BRESP      |  in |    2|    m_axi   |          gmem2          |    pointer   |
|m_axi_gmem2_BID        |  in |    1|    m_axi   |          gmem2          |    pointer   |
|m_axi_gmem2_BUSER      |  in |    1|    m_axi   |          gmem2          |    pointer   |
+-----------------------+-----+-----+------------+-------------------------+--------------+
